<?xml version="1.0" encoding="UTF-8"?><testsuite name="nosetests" tests="5" errors="0" failures="0" skip="0"><testcase classname="test.test.TestJobTracker" name="test_delete_service_request" time="0.025"></testcase><testcase classname="test.test.TestJobTracker" name="test_get_all_service_request" time="0.004"></testcase><testcase classname="test.test.TestJobTracker" name="test_get_job_application_by_id" time="0.005"></testcase><testcase classname="test.test.TestJobTracker" name="test_post_job_application" time="0.007"></testcase><testcase classname="test.test.TestJobTracker" name="test_update_service_request" time="0.007"></testcase></testsuite>